<?xml version="1.0" encoding="UTF-8"?>
<robot generator="Robot 5.0.1 (Python 3.10.5 on darwin)" generated="20220715 16:03:14.578" rpa="false" schemaversion="3">
<suite id="s1" name="Login04 Test" source="/Users/leoalano/developer/Ascender/Automação de testes/04 Login/ascender-automation-practice-test/tests/login04_test.robot">
<test id="s1-t1" name="Test Case 04" line="19">
<kw name="Open up" library="login04">
<kw name="Open Browser" library="SeleniumLibrary">
<arg>browser=chrome</arg>
<doc>Opens a new browser instance to the optional ``url``.</doc>
<msg timestamp="20220715 16:03:14.875" level="INFO">Opening browser 'chrome' to base url 'None'.</msg>
<status status="PASS" starttime="20220715 16:03:14.874" endtime="20220715 16:03:16.819"/>
</kw>
<status status="PASS" starttime="20220715 16:03:14.874" endtime="20220715 16:03:16.819"/>
</kw>
<kw name="Acess website automationpractice.com" library="login04">
<kw name="Go To" library="SeleniumLibrary">
<arg>${URL}</arg>
<doc>Navigates the current browser window to the provided ``url``.</doc>
<msg timestamp="20220715 16:03:16.820" level="INFO">Opening url 'http://www.automationpractice.com'</msg>
<status status="PASS" starttime="20220715 16:03:16.820" endtime="20220715 16:03:22.075"/>
</kw>
<status status="PASS" starttime="20220715 16:03:16.820" endtime="20220715 16:03:22.075"/>
</kw>
<kw name="Enter menu &quot;Sign in&quot;" library="login04">
<kw name="Wait Until Element Is Visible" library="SeleniumLibrary">
<arg>${SIGNIN}</arg>
<doc>Waits until the element ``locator`` is visible.</doc>
<status status="PASS" starttime="20220715 16:03:22.076" endtime="20220715 16:03:22.103"/>
</kw>
<kw name="Click Element" library="SeleniumLibrary">
<arg>${SIGNIN}</arg>
<doc>Click the element identified by ``locator``.</doc>
<msg timestamp="20220715 16:03:22.103" level="INFO">Clicking element '//a[@class='login']'.</msg>
<msg timestamp="20220715 16:03:24.954" level="INFO" html="true">&lt;/td&gt;&lt;/tr&gt;&lt;tr&gt;&lt;td colspan="3"&gt;&lt;a href="selenium-screenshot-8.png"&gt;&lt;img src="selenium-screenshot-8.png" width="800px"&gt;&lt;/a&gt;</msg>
<msg timestamp="20220715 16:03:24.955" level="FAIL">WebDriverException: Message: unknown error: unexpected command response
  (Session info: chrome=103.0.5060.114)
Stacktrace:
0   chromedriver                        0x000000010a66a079 chromedriver + 4444281
1   chromedriver                        0x000000010a5f6403 chromedriver + 3970051
2   chromedriver                        0x000000010a291038 chromedriver + 409656
3   chromedriver                        0x000000010a27e3c8 chromedriver + 332744
4   chromedriver                        0x000000010a27dac7 chromedriver + 330439
5   chromedriver                        0x000000010a27d047 chromedriver + 327751
6   chromedriver                        0x000000010a27c803 chromedriver + 325635
7   chromedriver                        0x000000010a2981fa chromedriver + 438778
8   chromedriver                        0x000000010a2f762d chromedriver + 828973
9   chromedriver                        0x000000010a2e4683 chromedriver + 751235
10  chromedriver                        0x000000010a2baa45 chromedriver + 580165
11  chromedriver                        0x000000010a2bba95 chromedriver + 584341
12  chromedriver                        0x000000010a63b55d chromedriver + 4253021
13  chromedriver                        0x000000010a6403a1 chromedriver + 4273057
14  chromedriver                        0x000000010a64516f chromedriver + 4292975
15  chromedriver                        0x000000010a640dea chromedriver + 4275690
16  chromedriver                        0x000000010a61a54f chromedriver + 4117839
17  chromedriver                        0x000000010a65aed8 chromedriver + 4382424
18  chromedriver                        0x000000010a65b05f chromedriver + 4382815
19  chromedriver                        0x000000010a6718d5 chromedriver + 4475093
20  libsystem_pthread.dylib             0x00007fff2035d8fc _pthread_start + 224
21  libsystem_pthread.dylib             0x00007fff20359443 thread_start + 15
</msg>
<status status="FAIL" starttime="20220715 16:03:22.103" endtime="20220715 16:03:24.963"/>
</kw>
<kw name="Sleep" library="BuiltIn">
<arg>6 seconds</arg>
<doc>Pauses the test executed for the given time.</doc>
<status status="NOT RUN" starttime="20220715 16:03:24.963" endtime="20220715 16:03:24.963"/>
</kw>
<status status="FAIL" starttime="20220715 16:03:22.075" endtime="20220715 16:03:24.964"/>
</kw>
<kw name="Fill form with email &quot;xxxxxx@xxxxx.com&quot; and password &quot;1111&quot;" library="login04">
<status status="NOT RUN" starttime="20220715 16:03:24.964" endtime="20220715 16:03:24.964"/>
</kw>
<kw name="Click on button &quot;Sign In&quot;" library="login04">
<status status="NOT RUN" starttime="20220715 16:03:24.965" endtime="20220715 16:03:24.965"/>
</kw>
<kw name="Verify if error message appears &quot;There is 1 error&quot;" library="login04">
<status status="NOT RUN" starttime="20220715 16:03:24.965" endtime="20220715 16:03:24.965"/>
</kw>
<kw name="Close All Browsers" library="login04">
<status status="NOT RUN" starttime="20220715 16:03:24.965" endtime="20220715 16:03:24.965"/>
</kw>
<status status="FAIL" starttime="20220715 16:03:14.873" endtime="20220715 16:03:24.966">WebDriverException: Message: unknown error: unexpected command response
  (Session info: chrome=103.0.5060.114)
Stacktrace:
0   chromedriver                        0x000000010a66a079 chromedriver + 4444281
1   chromedriver                        0x000000010a5f6403 chromedriver + 3970051
2   chromedriver                        0x000000010a291038 chromedriver + 409656
3   chromedriver                        0x000000010a27e3c8 chromedriver + 332744
4   chromedriver                        0x000000010a27dac7 chromedriver + 330439
5   chromedriver                        0x000000010a27d047 chromedriver + 327751
6   chromedriver                        0x000000010a27c803 chromedriver + 325635
7   chromedriver                        0x000000010a2981fa chromedriver + 438778
8   chromedriver                        0x000000010a2f762d chromedriver + 8...
    [ Message content over the limit has been removed. ]
...hromedriver                        0x000000010a2bba95 chromedriver + 584341
12  chromedriver                        0x000000010a63b55d chromedriver + 4253021
13  chromedriver                        0x000000010a6403a1 chromedriver + 4273057
14  chromedriver                        0x000000010a64516f chromedriver + 4292975
15  chromedriver                        0x000000010a640dea chromedriver + 4275690
16  chromedriver                        0x000000010a61a54f chromedriver + 4117839
17  chromedriver                        0x000000010a65aed8 chromedriver + 4382424
18  chromedriver                        0x000000010a65b05f chromedriver + 4382815
19  chromedriver                        0x000000010a6718d5 chromedriver + 4475093
20  libsystem_pthread.dylib             0x00007fff2035d8fc _pthread_start + 224
21  libsystem_pthread.dylib             0x00007fff20359443 thread_start + 15</status>
</test>
<doc>Testing login with invalid e-mail.</doc>
<status status="FAIL" starttime="20220715 16:03:14.583" endtime="20220715 16:03:24.967"/>
</suite>
<statistics>
<total>
<stat pass="0" fail="1" skip="0">All Tests</stat>
</total>
<tag>
</tag>
<suite>
<stat pass="0" fail="1" skip="0" id="s1" name="Login04 Test">Login04 Test</stat>
</suite>
</statistics>
<errors>
</errors>
</robot>
